<?xml version="1.0" encoding="UTF-8"?>
<!-- Generated by org.testng.reporters.JUnitXMLReporter -->
<testsuite ignored="0" hostname="DESKTOP-2I78M7Q" failures="0" tests="5" name="Default test" time="5.699" errors="0" timestamp="2023-02-23T11:52:47 GMT">
  <testcase classname="tests.VerifyAPI" name="TestThree" time="3.384"/>
  <testcase classname="tests.VerifyAPI" name="TestOne" time="0.323"/>
  <testcase classname="tests.VerifyAPI" name="TestTwo" time="0.417"/>
  <testcase classname="tests.VerifyAPI" name="TestFour" time="0.291"/>
  <testcase classname="tests.VerifyAPI" name="TestFive" time="1.191"/>
</testsuite> <!-- Default test -->
