<?xml version="1.0" encoding="UTF-8"?>
<testng-results ignored="0" total="5" passed="5" failed="0" skipped="0">
  <reporter-output>
  </reporter-output>
  <suite started-at="2023-02-23T11:52:41 GMT" name="Default suite" finished-at="2023-02-23T11:52:47 GMT" duration-ms="5699">
    <groups>
    </groups>
    <test started-at="2023-02-23T11:52:41 GMT" name="Default test" finished-at="2023-02-23T11:52:47 GMT" duration-ms="5699">
      <class name="tests.VerifyAPI">
        <test-method signature="TestThree()[pri:0, instance:tests.VerifyAPI@394a2528]" started-at="2023-02-23T11:52:41 GMT" name="TestThree" finished-at="2023-02-23T11:52:45 GMT" duration-ms="3384" status="PASS">
          <reporter-output>
          </reporter-output>
        </test-method> <!-- TestThree -->
        <test-method signature="TestOne()[pri:1, instance:tests.VerifyAPI@394a2528]" started-at="2023-02-23T11:52:45 GMT" name="TestOne" finished-at="2023-02-23T11:52:45 GMT" duration-ms="323" status="PASS">
          <reporter-output>
          </reporter-output>
        </test-method> <!-- TestOne -->
        <test-method signature="TestTwo()[pri:2, instance:tests.VerifyAPI@394a2528]" started-at="2023-02-23T11:52:45 GMT" name="TestTwo" finished-at="2023-02-23T11:52:46 GMT" duration-ms="417" status="PASS">
          <reporter-output>
          </reporter-output>
        </test-method> <!-- TestTwo -->
        <test-method signature="TestFour()[pri:3, instance:tests.VerifyAPI@394a2528]" started-at="2023-02-23T11:52:46 GMT" name="TestFour" finished-at="2023-02-23T11:52:46 GMT" duration-ms="291" status="PASS">
          <reporter-output>
          </reporter-output>
        </test-method> <!-- TestFour -->
        <test-method signature="TestFive()[pri:4, instance:tests.VerifyAPI@394a2528]" started-at="2023-02-23T11:52:46 GMT" name="TestFive" finished-at="2023-02-23T11:52:47 GMT" duration-ms="1191" status="PASS">
          <reporter-output>
          </reporter-output>
        </test-method> <!-- TestFive -->
      </class> <!-- tests.VerifyAPI -->
    </test> <!-- Default test -->
  </suite> <!-- Default suite -->
</testng-results>
